<?xml version="1.0" encoding="UTF-8" ?>
<testsuite tests="5" failures="0" name="com.assignment.java.AppTest" time="0.01" errors="0" skipped="0">
  <properties>
[...]
</properties>
  <testcase classname="com.assignment.java.AppTest" name="testFindCommonElements" time="0.007"/>
  <testcase classname="com.assignment.java.AppTest" name="testLargestThreeElements" time="0"/>
  <testcase classname="com.assignment.java.AppTest" name="testFindMissingNumber" time="0.003"/>
  <testcase classname="com.assignment.java.AppTest" name="testPushZerosToEnd" time="0"/>
  <testcase classname="com.assignment.java.AppTest" name="testApp" time="0"/>
</testsuite>